#
# There is insufficient memory for the Java Runtime Environment to continue.
# Native memory allocation (mmap) failed to map 65011712 bytes for G1 virtual space
# Possible reasons:
#   The system is out of physical RAM or swap space
#   The process is running with CompressedOops enabled, and the Java Heap may be blocking the growth of the native heap
# Possible solutions:
#   Reduce memory load on the system
#   Increase physical memory or swap space
#   Check if swap backing store is full
#   Decrease Java heap size (-Xmx/-Xms)
#   Decrease number of Java threads
#   Decrease Java thread stack sizes (-Xss)
#   Set larger code cache with -XX:ReservedCodeCacheSize=
#   JVM is running with Unscaled Compressed Oops mode in which the Java heap is
#     placed in the first 4GB address space. The Java Heap base address is the
#     maximum limit for the native heap growth. Please use -XX:HeapBaseMinAddress
#     to set the Java Heap base and to place the Java Heap above 4GB virtual address.
# This output file may be truncated or incomplete.
#
#  Out of Memory Error (os_windows.cpp:3532), pid=11016, tid=7376
#
# JRE version:  (17.0.2+8) (build )
# Java VM: Java HotSpot(TM) 64-Bit Server VM (17.0.2+8-LTS-86, mixed mode, sharing, tiered, compressed oops, compressed class ptrs, g1 gc, windows-amd64)
# No core dump will be written. Minidumps are not enabled by default on client versions of Windows
#

---------------  S U M M A R Y ------------

Command Line: -Dfile.encoding=UTF-8 cola.Main

Host: Intel(R) Celeron(R) N4000 CPU @ 1.10GHz, 2 cores, 3G,  Windows 10 , 64 bit Build 19041 (10.0.19041.1566)
Time: Tue Mar 22 21:52:58 2022 Hora estándar de Venezuela elapsed time: 0.063459 seconds (0d 0h 0m 0s)

---------------  T H R E A D  ---------------

Current thread (0x000001e41b84dd30):  JavaThread "Unknown thread" [_thread_in_vm, id=7376, stack(0x0000007839d00000,0x0000007839e00000)]

Stack: [0x0000007839d00000,0x0000007839e00000]
Native frames: (J=compiled Java code, j=interpreted, Vv=VM code, C=native code)
V  [jvm.dll+0x670baa]
V  [jvm.dll+0x7cfcb4]
V  [jvm.dll+0x7d145e]
V  [jvm.dll+0x7d1ac3]
V  [jvm.dll+0x242bc5]
V  [jvm.dll+0x66dac9]
V  [jvm.dll+0x662412]
V  [jvm.dll+0x300c0b]
V  [jvm.dll+0x3081a6]
V  [jvm.dll+0x357d0e]
V  [jvm.dll+0x357f3f]
V  [jvm.dll+0x2d7ec8]
V  [jvm.dll+0x2d8e34]
V  [jvm.dll+0x7a18c1]
V  [jvm.dll+0x365a91]
V  [jvm.dll+0x780d2c]
V  [jvm.dll+0x3e845f]
V  [jvm.dll+0x3e9f01]
C  [jli.dll+0x527b]
C  [ucrtbase.dll+0x21bb2]
C  [KERNEL32.DLL+0x17034]
C  [ntdll.dll+0x52651]


---------------  P R O C E S S  ---------------

Threads class SMR info:
_java_thread_list=0x00007ffeff1e9858, length=0, elements={
}

Java Threads: ( => current thread )

Other Threads:
  0x000001e41b8765a0 GCTaskThread "GC Thread#0" [stack: 0x0000007839f00000,0x000000783a000000] [id=6688]
  0x000001e41b87fe80 ConcurrentGCThread "G1 Main Marker" [stack: 0x000000783a000000,0x000000783a100000] [id=6092]
  0x000001e41b880f40 ConcurrentGCThread "G1 Conc#0" [stack: 0x000000783a100000,0x000000783a200000] [id=7320]

[error occurred during error reporting (printing all threads), id 0xc0000005, EXCEPTION_ACCESS_VIOLATION (0xc0000005) at pc=0x00007ffefea388a7]

VM state: not at safepoint (not fully initialized)

VM Mutex/Monitor currently owned by a thread:  ([mutex/lock_event])
[0x000001e41b84b340] Heap_lock - owner thread: 0x000001e41b84dd30

Heap address: 0x00000000c2c00000, size: 980 MB, Compressed Oops mode: 32-bit

CDS archive(s) mapped at: [0x0000000000000000-0x0000000000000000-0x0000000000000000), size 0, SharedBaseAddress: 0x0000000800000000, ArchiveRelocationMode: 0.
Narrow klass base: 0x0000000000000000, Narrow klass shift: 0, Narrow klass range: 0x0

GC Precious Log:
<Empty>

Heap:
 garbage-first heap   total 0K, used 0K [0x00000000c2c00000, 0x0000000100000000)
  region size 1024K, 0 young (0K), 0 survivors (0K)

[error occurred during error reporting (printing heap information), id 0xc0000005, EXCEPTION_ACCESS_VIOLATION (0xc0000005) at pc=0x00007ffefee19f19]

GC Heap History (0 events):
No events

Deoptimization events (0 events):
No events

Classes unloaded (0 events):
No events

Classes redefined (0 events):
No events

Internal exceptions (0 events):
No events

VM Operations (0 events):
No events

Events (1 events):
Event: 0.024 Loaded shared library C:\Program Files\Java\jdk-17.0.2\bin\java.dll


Dynamic libraries:
0x00007ff67fa40000 - 0x00007ff67fa50000 	C:\Program Files\Java\jdk-17.0.2\bin\java.exe
0x00007fff386f0000 - 0x00007fff388e5000 	C:\Windows\SYSTEM32\ntdll.dll
0x00007fff37bd0000 - 0x00007fff37c8e000 	C:\Windows\System32\KERNEL32.DLL
0x00007fff36020000 - 0x00007fff362e8000 	C:\Windows\System32\KERNELBASE.dll
0x00007fff35f20000 - 0x00007fff36020000 	C:\Windows\System32\ucrtbase.dll
0x00007fff23f00000 - 0x00007fff23f18000 	C:\Program Files\Java\jdk-17.0.2\bin\jli.dll
0x00007fff36a40000 - 0x00007fff36aee000 	C:\Windows\System32\ADVAPI32.dll
0x00007fff37c90000 - 0x00007fff37d2e000 	C:\Windows\System32\msvcrt.dll
0x00007fff38280000 - 0x00007fff3831c000 	C:\Windows\System32\sechost.dll
0x00007fff37fd0000 - 0x00007fff380f5000 	C:\Windows\System32\RPCRT4.dll
0x00007fff36830000 - 0x00007fff369d0000 	C:\Windows\System32\USER32.dll
0x00007fff36320000 - 0x00007fff36342000 	C:\Windows\System32\win32u.dll
0x00007fff38320000 - 0x00007fff3834b000 	C:\Windows\System32\GDI32.dll
0x00007fff35e10000 - 0x00007fff35f1b000 	C:\Windows\System32\gdi32full.dll
0x00007fff36430000 - 0x00007fff364cd000 	C:\Windows\System32\msvcp_win.dll
0x00007fff2efd0000 - 0x00007fff2efea000 	C:\Program Files\Java\jdk-17.0.2\bin\VCRUNTIME140.dll
0x00007fff2f060000 - 0x00007fff2f2fa000 	C:\Windows\WinSxS\amd64_microsoft.windows.common-controls_6595b64144ccf1df_6.0.19041.1110_none_60b5254171f9507e\COMCTL32.dll
0x00007fff32090000 - 0x00007fff3209a000 	C:\Windows\SYSTEM32\VERSION.dll
0x00007fff38120000 - 0x00007fff38150000 	C:\Windows\System32\IMM32.DLL
0x00007fff2fd00000 - 0x00007fff2fd0c000 	C:\Program Files\Java\jdk-17.0.2\bin\vcruntime140_1.dll
0x00007fff22180000 - 0x00007fff2220d000 	C:\Program Files\Java\jdk-17.0.2\bin\msvcp140.dll
0x00007ffefe750000 - 0x00007ffeff311000 	C:\Program Files\Java\jdk-17.0.2\bin\server\jvm.dll
0x00007fff369d0000 - 0x00007fff369d8000 	C:\Windows\System32\PSAPI.DLL
0x00007fff2fde0000 - 0x00007fff2fde9000 	C:\Windows\SYSTEM32\WSOCK32.dll
0x00007fff36fa0000 - 0x00007fff3700b000 	C:\Windows\System32\WS2_32.dll
0x00007fff23eb0000 - 0x00007fff23ed7000 	C:\Windows\SYSTEM32\WINMM.dll
0x00007fff33f00000 - 0x00007fff33f12000 	C:\Windows\SYSTEM32\kernel.appcore.dll
0x00007fff2f5b0000 - 0x00007fff2f5ba000 	C:\Program Files\Java\jdk-17.0.2\bin\jimage.dll
0x00007fff33c00000 - 0x00007fff33de4000 	C:\Windows\SYSTEM32\DBGHELP.DLL
0x00007fff1ac20000 - 0x00007fff1ac4c000 	C:\Windows\SYSTEM32\dbgcore.DLL
0x00007fff363a0000 - 0x00007fff36422000 	C:\Windows\System32\bcryptPrimitives.dll
0x00007fff24580000 - 0x00007fff245a5000 	C:\Program Files\Java\jdk-17.0.2\bin\java.dll

dbghelp: loaded successfully - version: 4.0.5 - missing functions: none
symbol engine: initialized successfully - sym options: 0x614 - pdb path: .;C:\Program Files\Java\jdk-17.0.2\bin;C:\Windows\SYSTEM32;C:\Windows\WinSxS\amd64_microsoft.windows.common-controls_6595b64144ccf1df_6.0.19041.1110_none_60b5254171f9507e;C:\Program Files\Java\jdk-17.0.2\bin\server

VM Arguments:
jvm_args: -Dfile.encoding=UTF-8 
java_command: cola.Main
java_class_path (initial): C:\Users\alcam\Documents\NetBeansProjects\coladelbanco-Adricancito_cola\cola\build\classes
Launcher Type: SUN_STANDARD

[Global flags]
     intx CICompilerCount                          = 2                                         {product} {ergonomic}
     uint ConcGCThreads                            = 1                                         {product} {ergonomic}
     uint G1ConcRefinementThreads                  = 2                                         {product} {ergonomic}
   size_t G1HeapRegionSize                         = 1048576                                   {product} {ergonomic}
    uintx GCDrainStackTargetSize                   = 64                                        {product} {ergonomic}
   size_t InitialHeapSize                          = 65011712                                  {product} {ergonomic}
   size_t MarkStackSize                            = 4194304                                   {product} {ergonomic}
   size_t MaxHeapSize                              = 1027604480                                {product} {ergonomic}
   size_t MinHeapDeltaBytes                        = 1048576                                   {product} {ergonomic}
   size_t MinHeapSize                              = 8388608                                   {product} {ergonomic}
    uintx NonNMethodCodeHeapSize                   = 5826188                                {pd product} {ergonomic}
    uintx NonProfiledCodeHeapSize                  = 122916026                              {pd product} {ergonomic}
    uintx ProfiledCodeHeapSize                     = 122916026                              {pd product} {ergonomic}
    uintx ReservedCodeCacheSize                    = 251658240                              {pd product} {ergonomic}
     bool SegmentedCodeCache                       = true                                      {product} {ergonomic}
   size_t SoftMaxHeapSize                          = 1027604480                             {manageable} {ergonomic}
     bool UseCompressedClassPointers               = true                           {product lp64_product} {ergonomic}
     bool UseCompressedOops                        = true                           {product lp64_product} {ergonomic}
     bool UseG1GC                                  = true                                      {product} {ergonomic}
     bool UseLargePagesIndividualAllocation        = false                                  {pd product} {ergonomic}

Logging:
Log output configuration:
 #0: stdout all=warning uptime,level,tags
 #1: stderr all=off uptime,level,tags

Environment Variables:
PATH=C:\Program Files\Common Files\Oracle\Java\javapath;C:\Windows\system32;C:\Windows;C:\Windows\System32\Wbem;C:\Windows\System32\WindowsPowerShell\v1.0\;C:\Windows\System32\OpenSSH\;C:\Users\alcam\AppData\Local\Microsoft\WindowsApps;
USERNAME=alcam
OS=Windows_NT
PROCESSOR_IDENTIFIER=Intel64 Family 6 Model 122 Stepping 1, GenuineIntel



---------------  S Y S T E M  ---------------

OS:
 Windows 10 , 64 bit Build 19041 (10.0.19041.1566)
OS uptime: 13 days 0:04 hours

CPU: total 2 (initial active 2) (2 cores per cpu, 1 threads per core) family 6 model 122 stepping 1 microcode 0x38, cx8, cmov, fxsr, mmx, 3dnowpref, sse, sse2, sse3, ssse3, sse4.1, sse4.2, popcnt, tsc, tscinvbit, aes, erms, clmul, sha, clflush, clflushopt

Memory: 4k page, system-wide physical 3917M (428M free)
TotalPageFile size 3917M (AvailPageFile size 56M)
current process WorkingSet (physical memory assigned to process): 9M, peak: 9M
current process commit charge ("private bytes"): 47M, peak: 109M

vm_info: Java HotSpot(TM) 64-Bit Server VM (17.0.2+8-LTS-86) for windows-amd64 JRE (17.0.2+8-LTS-86), built on Dec  7 2021 21:51:03 by "mach5one" with MS VC++ 16.8 / 16.9 (VS2019)

END.
